[2022-10-02 13:52:36,394: INFO/MainProcess] beat: Starting...
[2022-10-02 13:55:00,097: INFO/MainProcess] Scheduler: Sending due task calculate_and_save_ctr (calculate_and_save_ctr)
[2022-10-02 14:04:40,108: INFO/MainProcess] beat: Starting...
[2022-10-02 14:05:00,018: INFO/MainProcess] Scheduler: Sending due task calculate_and_save_ctr (calculate_and_save_ctr)
[2022-10-02 15:05:00,016: INFO/MainProcess] Scheduler: Sending due task calculate_and_save_ctr (calculate_and_save_ctr)
[2022-10-02 16:05:00,054: INFO/MainProcess] Scheduler: Sending due task calculate_and_save_ctr (calculate_and_save_ctr)
[2022-10-02 17:05:00,012: INFO/MainProcess] Scheduler: Sending due task calculate_and_save_ctr (calculate_and_save_ctr)
[2022-10-02 18:05:00,092: INFO/MainProcess] Scheduler: Sending due task calculate_and_save_ctr (calculate_and_save_ctr)
[2022-10-02 19:05:00,078: INFO/MainProcess] Scheduler: Sending due task calculate_and_save_ctr (calculate_and_save_ctr)
[2022-10-02 20:05:00,033: INFO/MainProcess] Scheduler: Sending due task calculate_and_save_ctr (calculate_and_save_ctr)
[2022-10-02 21:05:00,077: INFO/MainProcess] Scheduler: Sending due task calculate_and_save_ctr (calculate_and_save_ctr)
[2022-10-02 22:05:00,069: INFO/MainProcess] Scheduler: Sending due task calculate_and_save_ctr (calculate_and_save_ctr)
[2022-10-02 23:00:00,092: INFO/MainProcess] Scheduler: Sending due task reset_checks (reset_checks)
[2022-10-02 23:00:00,096: INFO/MainProcess] Scheduler: Sending due task reset_throttled (reset_throttled)
[2022-10-02 23:05:00,081: INFO/MainProcess] Scheduler: Sending due task calculate_and_save_ctr (calculate_and_save_ctr)
[2022-10-03 00:05:00,015: INFO/MainProcess] Scheduler: Sending due task calculate_and_save_ctr (calculate_and_save_ctr)
[2022-10-03 01:05:00,094: INFO/MainProcess] Scheduler: Sending due task calculate_and_save_ctr (calculate_and_save_ctr)
[2022-10-03 02:05:00,093: INFO/MainProcess] Scheduler: Sending due task calculate_and_save_ctr (calculate_and_save_ctr)
[2022-10-03 03:05:00,092: INFO/MainProcess] Scheduler: Sending due task calculate_and_save_ctr (calculate_and_save_ctr)
[2022-10-03 04:05:00,063: INFO/MainProcess] Scheduler: Sending due task calculate_and_save_ctr (calculate_and_save_ctr)
[2022-10-03 05:05:00,092: INFO/MainProcess] Scheduler: Sending due task calculate_and_save_ctr (calculate_and_save_ctr)
[2022-10-03 06:05:00,061: INFO/MainProcess] Scheduler: Sending due task calculate_and_save_ctr (calculate_and_save_ctr)
[2022-10-03 07:05:00,075: INFO/MainProcess] Scheduler: Sending due task calculate_and_save_ctr (calculate_and_save_ctr)
[2022-10-03 08:05:00,092: INFO/MainProcess] Scheduler: Sending due task calculate_and_save_ctr (calculate_and_save_ctr)
[2022-10-03 09:05:00,094: INFO/MainProcess] Scheduler: Sending due task calculate_and_save_ctr (calculate_and_save_ctr)
[2022-10-03 10:05:00,092: INFO/MainProcess] Scheduler: Sending due task calculate_and_save_ctr (calculate_and_save_ctr)
[2022-10-03 11:05:00,010: INFO/MainProcess] Scheduler: Sending due task calculate_and_save_ctr (calculate_and_save_ctr)
[2022-10-03 12:05:00,092: INFO/MainProcess] Scheduler: Sending due task calculate_and_save_ctr (calculate_and_save_ctr)
[2022-10-03 13:03:50,481: INFO/MainProcess] beat: Starting...
[2022-10-03 13:05:00,009: INFO/MainProcess] Scheduler: Sending due task calculate_and_save_ctr (calculate_and_save_ctr)
[2022-10-03 14:05:00,093: INFO/MainProcess] Scheduler: Sending due task calculate_and_save_ctr (calculate_and_save_ctr)
[2022-10-03 15:05:00,092: INFO/MainProcess] Scheduler: Sending due task calculate_and_save_ctr (calculate_and_save_ctr)
[2022-10-03 16:05:00,041: INFO/MainProcess] Scheduler: Sending due task calculate_and_save_ctr (calculate_and_save_ctr)
[2022-10-03 17:05:00,011: INFO/MainProcess] Scheduler: Sending due task calculate_and_save_ctr (calculate_and_save_ctr)
[2022-10-03 17:08:59,973: INFO/MainProcess] beat: Starting...
[2022-10-03 17:12:40,538: INFO/MainProcess] beat: Starting...
[2022-10-03 17:15:33,562: INFO/MainProcess] beat: Starting...
[2022-10-03 17:18:48,241: INFO/MainProcess] beat: Starting...
[2022-10-03 17:32:24,462: INFO/MainProcess] beat: Starting...
[2022-10-03 17:46:57,468: INFO/MainProcess] beat: Starting...
[2022-10-03 18:05:00,090: INFO/MainProcess] Scheduler: Sending due task calculate_and_save_ctr (calculate_and_save_ctr)
[2022-10-03 18:41:12,627: INFO/MainProcess] beat: Starting...
[2022-10-03 18:47:33,762: INFO/MainProcess] beat: Starting...
[2022-10-03 18:54:49,449: INFO/MainProcess] beat: Starting...
[2022-10-03 19:05:00,011: INFO/MainProcess] Scheduler: Sending due task calculate_and_save_ctr (calculate_and_save_ctr)
[2022-10-03 20:05:00,092: INFO/MainProcess] Scheduler: Sending due task calculate_and_save_ctr (calculate_and_save_ctr)
[2022-10-03 20:15:00,343: INFO/MainProcess] beat: Starting...
[2022-10-03 20:23:30,637: INFO/MainProcess] beat: Starting...
[2022-10-03 20:33:18,629: INFO/MainProcess] beat: Starting...
[2022-10-03 20:40:45,681: INFO/MainProcess] beat: Starting...
[2022-10-03 20:48:17,933: INFO/MainProcess] beat: Starting...
[2022-10-03 20:54:49,669: INFO/MainProcess] beat: Starting...
[2022-10-03 21:05:00,017: INFO/MainProcess] Scheduler: Sending due task calculate_and_save_ctr (calculate_and_save_ctr)
[2022-10-03 22:05:00,060: INFO/MainProcess] Scheduler: Sending due task calculate_and_save_ctr (calculate_and_save_ctr)
[2022-10-03 23:00:00,026: INFO/MainProcess] Scheduler: Sending due task reset_checks (reset_checks)
[2022-10-03 23:00:00,030: INFO/MainProcess] Scheduler: Sending due task reset_throttled (reset_throttled)
[2022-10-03 23:05:00,074: INFO/MainProcess] Scheduler: Sending due task calculate_and_save_ctr (calculate_and_save_ctr)
[2022-10-04 00:05:00,042: INFO/MainProcess] Scheduler: Sending due task calculate_and_save_ctr (calculate_and_save_ctr)
[2022-10-04 01:05:00,009: INFO/MainProcess] Scheduler: Sending due task calculate_and_save_ctr (calculate_and_save_ctr)
[2022-10-04 02:05:00,062: INFO/MainProcess] Scheduler: Sending due task calculate_and_save_ctr (calculate_and_save_ctr)
[2022-10-04 03:05:00,093: INFO/MainProcess] Scheduler: Sending due task calculate_and_save_ctr (calculate_and_save_ctr)
[2022-10-04 04:05:00,093: INFO/MainProcess] Scheduler: Sending due task calculate_and_save_ctr (calculate_and_save_ctr)
[2022-10-04 05:05:00,093: INFO/MainProcess] Scheduler: Sending due task calculate_and_save_ctr (calculate_and_save_ctr)
[2022-10-04 06:05:00,024: INFO/MainProcess] Scheduler: Sending due task calculate_and_save_ctr (calculate_and_save_ctr)
[2022-10-04 07:05:00,019: INFO/MainProcess] Scheduler: Sending due task calculate_and_save_ctr (calculate_and_save_ctr)
[2022-10-04 08:05:00,088: INFO/MainProcess] Scheduler: Sending due task calculate_and_save_ctr (calculate_and_save_ctr)
[2022-10-04 09:05:00,092: INFO/MainProcess] Scheduler: Sending due task calculate_and_save_ctr (calculate_and_save_ctr)
[2022-10-04 10:05:00,093: INFO/MainProcess] Scheduler: Sending due task calculate_and_save_ctr (calculate_and_save_ctr)
[2022-10-04 11:05:00,093: INFO/MainProcess] Scheduler: Sending due task calculate_and_save_ctr (calculate_and_save_ctr)
[2022-10-04 12:05:00,007: INFO/MainProcess] Scheduler: Sending due task calculate_and_save_ctr (calculate_and_save_ctr)
[2022-10-04 13:05:00,093: INFO/MainProcess] Scheduler: Sending due task calculate_and_save_ctr (calculate_and_save_ctr)
[2022-10-04 14:05:00,092: INFO/MainProcess] Scheduler: Sending due task calculate_and_save_ctr (calculate_and_save_ctr)
[2022-10-04 15:05:00,024: INFO/MainProcess] Scheduler: Sending due task calculate_and_save_ctr (calculate_and_save_ctr)
[2022-10-04 16:05:00,012: INFO/MainProcess] Scheduler: Sending due task calculate_and_save_ctr (calculate_and_save_ctr)
[2022-10-04 17:05:00,000: INFO/MainProcess] Scheduler: Sending due task calculate_and_save_ctr (calculate_and_save_ctr)
[2022-10-04 18:05:00,093: INFO/MainProcess] Scheduler: Sending due task calculate_and_save_ctr (calculate_and_save_ctr)
[2022-10-04 19:05:00,092: INFO/MainProcess] Scheduler: Sending due task calculate_and_save_ctr (calculate_and_save_ctr)
[2022-10-04 20:05:00,046: INFO/MainProcess] Scheduler: Sending due task calculate_and_save_ctr (calculate_and_save_ctr)
[2022-10-04 21:05:00,089: INFO/MainProcess] Scheduler: Sending due task calculate_and_save_ctr (calculate_and_save_ctr)
[2022-10-04 22:05:00,094: INFO/MainProcess] Scheduler: Sending due task calculate_and_save_ctr (calculate_and_save_ctr)
[2022-10-04 23:00:00,092: INFO/MainProcess] Scheduler: Sending due task reset_throttled (reset_throttled)
[2022-10-04 23:00:00,097: INFO/MainProcess] Scheduler: Sending due task reset_checks (reset_checks)
[2022-10-04 23:05:00,015: INFO/MainProcess] Scheduler: Sending due task calculate_and_save_ctr (calculate_and_save_ctr)
[2022-10-05 00:05:00,023: INFO/MainProcess] Scheduler: Sending due task calculate_and_save_ctr (calculate_and_save_ctr)
[2022-10-05 01:05:00,094: INFO/MainProcess] Scheduler: Sending due task calculate_and_save_ctr (calculate_and_save_ctr)
[2022-10-05 02:05:00,084: INFO/MainProcess] Scheduler: Sending due task calculate_and_save_ctr (calculate_and_save_ctr)
[2022-10-05 03:05:00,033: INFO/MainProcess] Scheduler: Sending due task calculate_and_save_ctr (calculate_and_save_ctr)
[2022-10-05 04:05:00,079: INFO/MainProcess] Scheduler: Sending due task calculate_and_save_ctr (calculate_and_save_ctr)
[2022-10-05 05:05:00,010: INFO/MainProcess] Scheduler: Sending due task calculate_and_save_ctr (calculate_and_save_ctr)
[2022-10-05 06:05:00,073: INFO/MainProcess] Scheduler: Sending due task calculate_and_save_ctr (calculate_and_save_ctr)
[2022-10-05 07:05:00,019: INFO/MainProcess] Scheduler: Sending due task calculate_and_save_ctr (calculate_and_save_ctr)
[2022-10-05 08:05:00,051: INFO/MainProcess] Scheduler: Sending due task calculate_and_save_ctr (calculate_and_save_ctr)
[2022-10-05 09:05:00,093: INFO/MainProcess] Scheduler: Sending due task calculate_and_save_ctr (calculate_and_save_ctr)
[2022-10-05 10:05:00,094: INFO/MainProcess] Scheduler: Sending due task calculate_and_save_ctr (calculate_and_save_ctr)
[2022-10-05 11:05:00,032: INFO/MainProcess] Scheduler: Sending due task calculate_and_save_ctr (calculate_and_save_ctr)
[2022-10-05 12:05:00,007: INFO/MainProcess] Scheduler: Sending due task calculate_and_save_ctr (calculate_and_save_ctr)
[2022-10-05 13:05:00,092: INFO/MainProcess] Scheduler: Sending due task calculate_and_save_ctr (calculate_and_save_ctr)
[2022-10-05 13:10:56,808: INFO/MainProcess] beat: Starting...
[2022-10-05 13:15:15,616: INFO/MainProcess] beat: Starting...
[2022-10-05 14:05:00,099: INFO/MainProcess] Scheduler: Sending due task calculate_and_save_ctr (calculate_and_save_ctr)
[2022-10-05 14:18:57,810: INFO/MainProcess] beat: Starting...
[2022-10-05 14:31:14,020: INFO/MainProcess] beat: Starting...
[2022-10-05 14:40:03,671: INFO/MainProcess] beat: Starting...
[2022-10-05 14:51:10,053: INFO/MainProcess] beat: Starting...
[2022-10-05 15:05:00,020: INFO/MainProcess] Scheduler: Sending due task calculate_and_save_ctr (calculate_and_save_ctr)
[2022-10-05 16:05:00,092: INFO/MainProcess] Scheduler: Sending due task calculate_and_save_ctr (calculate_and_save_ctr)
[2022-10-05 17:05:00,092: INFO/MainProcess] Scheduler: Sending due task calculate_and_save_ctr (calculate_and_save_ctr)
[2022-10-05 18:05:00,069: INFO/MainProcess] Scheduler: Sending due task calculate_and_save_ctr (calculate_and_save_ctr)
[2022-10-05 19:05:00,091: INFO/MainProcess] Scheduler: Sending due task calculate_and_save_ctr (calculate_and_save_ctr)
[2022-10-05 20:05:00,061: INFO/MainProcess] Scheduler: Sending due task calculate_and_save_ctr (calculate_and_save_ctr)
[2022-10-05 20:21:46,714: INFO/MainProcess] beat: Starting...
[2022-10-05 21:05:00,042: INFO/MainProcess] Scheduler: Sending due task calculate_and_save_ctr (calculate_and_save_ctr)
[2022-10-05 21:15:47,835: INFO/MainProcess] beat: Starting...
[2022-10-05 21:19:00,769: INFO/MainProcess] beat: Starting...
[2022-10-05 22:05:00,027: INFO/MainProcess] Scheduler: Sending due task calculate_and_save_ctr (calculate_and_save_ctr)
[2022-10-05 23:00:00,080: INFO/MainProcess] Scheduler: Sending due task reset_checks (reset_checks)
[2022-10-05 23:00:00,085: INFO/MainProcess] Scheduler: Sending due task reset_throttled (reset_throttled)
[2022-10-05 23:05:00,089: INFO/MainProcess] Scheduler: Sending due task calculate_and_save_ctr (calculate_and_save_ctr)
[2022-10-06 00:05:00,081: INFO/MainProcess] Scheduler: Sending due task calculate_and_save_ctr (calculate_and_save_ctr)
[2022-10-06 01:05:00,002: INFO/MainProcess] Scheduler: Sending due task calculate_and_save_ctr (calculate_and_save_ctr)
[2022-10-06 02:05:00,093: INFO/MainProcess] Scheduler: Sending due task calculate_and_save_ctr (calculate_and_save_ctr)
[2022-10-06 03:05:00,011: INFO/MainProcess] Scheduler: Sending due task calculate_and_save_ctr (calculate_and_save_ctr)
[2022-10-06 04:05:00,036: INFO/MainProcess] Scheduler: Sending due task calculate_and_save_ctr (calculate_and_save_ctr)
[2022-10-06 05:05:00,093: INFO/MainProcess] Scheduler: Sending due task calculate_and_save_ctr (calculate_and_save_ctr)
[2022-10-06 06:05:00,085: INFO/MainProcess] Scheduler: Sending due task calculate_and_save_ctr (calculate_and_save_ctr)
[2022-10-06 07:05:00,012: INFO/MainProcess] Scheduler: Sending due task calculate_and_save_ctr (calculate_and_save_ctr)
[2022-10-06 08:05:00,092: INFO/MainProcess] Scheduler: Sending due task calculate_and_save_ctr (calculate_and_save_ctr)
[2022-10-06 09:05:00,014: INFO/MainProcess] Scheduler: Sending due task calculate_and_save_ctr (calculate_and_save_ctr)
[2022-10-06 10:05:00,073: INFO/MainProcess] Scheduler: Sending due task calculate_and_save_ctr (calculate_and_save_ctr)
[2022-10-06 11:05:00,030: INFO/MainProcess] Scheduler: Sending due task calculate_and_save_ctr (calculate_and_save_ctr)
[2022-10-06 12:05:00,074: INFO/MainProcess] Scheduler: Sending due task calculate_and_save_ctr (calculate_and_save_ctr)
[2022-10-06 12:36:37,455: INFO/MainProcess] beat: Starting...
[2022-10-06 13:05:00,098: INFO/MainProcess] Scheduler: Sending due task calculate_and_save_ctr (calculate_and_save_ctr)
[2022-10-06 14:05:00,092: INFO/MainProcess] Scheduler: Sending due task calculate_and_save_ctr (calculate_and_save_ctr)
[2022-10-06 15:05:00,093: INFO/MainProcess] Scheduler: Sending due task calculate_and_save_ctr (calculate_and_save_ctr)
[2022-10-06 16:05:00,042: INFO/MainProcess] Scheduler: Sending due task calculate_and_save_ctr (calculate_and_save_ctr)
[2022-10-06 17:05:00,093: INFO/MainProcess] Scheduler: Sending due task calculate_and_save_ctr (calculate_and_save_ctr)
[2022-10-06 18:05:00,072: INFO/MainProcess] Scheduler: Sending due task calculate_and_save_ctr (calculate_and_save_ctr)
[2022-10-06 18:20:10,724: INFO/MainProcess] beat: Starting...
[2022-10-06 18:22:49,794: INFO/MainProcess] beat: Starting...
[2022-10-06 18:25:33,642: INFO/MainProcess] beat: Starting...
[2022-10-06 19:05:00,059: INFO/MainProcess] Scheduler: Sending due task calculate_and_save_ctr (calculate_and_save_ctr)
[2022-10-06 19:08:20,234: INFO/MainProcess] beat: Starting...
[2022-10-06 19:11:21,678: INFO/MainProcess] beat: Starting...
[2022-10-06 20:05:00,071: INFO/MainProcess] Scheduler: Sending due task calculate_and_save_ctr (calculate_and_save_ctr)
[2022-10-06 21:05:00,093: INFO/MainProcess] Scheduler: Sending due task calculate_and_save_ctr (calculate_and_save_ctr)
[2022-10-06 22:05:00,092: INFO/MainProcess] Scheduler: Sending due task calculate_and_save_ctr (calculate_and_save_ctr)
[2022-10-06 23:00:00,037: INFO/MainProcess] Scheduler: Sending due task reset_checks (reset_checks)
[2022-10-06 23:00:00,042: INFO/MainProcess] Scheduler: Sending due task reset_throttled (reset_throttled)
[2022-10-06 23:05:00,086: INFO/MainProcess] Scheduler: Sending due task calculate_and_save_ctr (calculate_and_save_ctr)
[2022-10-07 00:05:00,094: INFO/MainProcess] Scheduler: Sending due task calculate_and_save_ctr (calculate_and_save_ctr)
[2022-10-07 01:05:00,050: INFO/MainProcess] Scheduler: Sending due task calculate_and_save_ctr (calculate_and_save_ctr)
[2022-10-07 02:05:00,094: INFO/MainProcess] Scheduler: Sending due task calculate_and_save_ctr (calculate_and_save_ctr)
[2022-10-07 03:05:00,069: INFO/MainProcess] Scheduler: Sending due task calculate_and_save_ctr (calculate_and_save_ctr)
[2022-10-07 04:05:00,075: INFO/MainProcess] Scheduler: Sending due task calculate_and_save_ctr (calculate_and_save_ctr)
[2022-10-07 05:05:00,062: INFO/MainProcess] Scheduler: Sending due task calculate_and_save_ctr (calculate_and_save_ctr)
[2022-10-07 06:05:00,092: INFO/MainProcess] Scheduler: Sending due task calculate_and_save_ctr (calculate_and_save_ctr)
[2022-10-07 07:05:00,076: INFO/MainProcess] Scheduler: Sending due task calculate_and_save_ctr (calculate_and_save_ctr)
[2022-10-07 08:05:00,055: INFO/MainProcess] Scheduler: Sending due task calculate_and_save_ctr (calculate_and_save_ctr)
[2022-10-07 09:05:00,081: INFO/MainProcess] Scheduler: Sending due task calculate_and_save_ctr (calculate_and_save_ctr)
[2022-10-07 10:05:00,061: INFO/MainProcess] Scheduler: Sending due task calculate_and_save_ctr (calculate_and_save_ctr)
[2022-10-07 10:24:14,552: INFO/MainProcess] beat: Starting...
[2022-10-07 10:37:45,596: INFO/MainProcess] beat: Starting...
[2022-10-07 11:05:00,052: INFO/MainProcess] Scheduler: Sending due task calculate_and_save_ctr (calculate_and_save_ctr)
[2022-10-07 12:05:00,092: INFO/MainProcess] Scheduler: Sending due task calculate_and_save_ctr (calculate_and_save_ctr)
[2022-10-07 13:05:00,000: INFO/MainProcess] Scheduler: Sending due task calculate_and_save_ctr (calculate_and_save_ctr)
[2022-10-07 14:05:00,051: INFO/MainProcess] Scheduler: Sending due task calculate_and_save_ctr (calculate_and_save_ctr)
[2022-10-07 14:11:46,163: INFO/MainProcess] beat: Starting...
[2022-10-07 15:05:00,100: INFO/MainProcess] Scheduler: Sending due task calculate_and_save_ctr (calculate_and_save_ctr)
[2022-10-07 15:25:17,625: INFO/MainProcess] beat: Starting...
[2022-10-07 15:29:15,525: INFO/MainProcess] beat: Starting...
[2022-10-07 16:46:34,650: INFO/MainProcess] beat: Starting...
[2022-10-07 16:46:34,677: INFO/MainProcess] Scheduler: Sending due task calculate_and_save_ctr (calculate_and_save_ctr)
[2022-10-07 16:59:56,351: INFO/MainProcess] beat: Starting...
[2022-10-07 17:05:00,008: INFO/MainProcess] Scheduler: Sending due task calculate_and_save_ctr (calculate_and_save_ctr)
[2022-10-07 18:05:00,089: INFO/MainProcess] Scheduler: Sending due task calculate_and_save_ctr (calculate_and_save_ctr)
[2022-10-09 13:08:54,881: INFO/MainProcess] beat: Starting...
[2022-10-09 13:08:54,919: INFO/MainProcess] Scheduler: Sending due task reset_throttled (reset_throttled)
[2022-10-09 13:08:54,946: INFO/MainProcess] Scheduler: Sending due task reset_checks (reset_checks)
[2022-10-09 13:08:54,947: INFO/MainProcess] Scheduler: Sending due task calculate_and_save_ctr (calculate_and_save_ctr)
[2022-10-09 14:05:00,056: INFO/MainProcess] Scheduler: Sending due task calculate_and_save_ctr (calculate_and_save_ctr)
[2022-10-09 15:05:00,093: INFO/MainProcess] Scheduler: Sending due task calculate_and_save_ctr (calculate_and_save_ctr)
[2022-10-09 16:05:00,091: INFO/MainProcess] Scheduler: Sending due task calculate_and_save_ctr (calculate_and_save_ctr)
[2022-10-09 17:05:00,078: INFO/MainProcess] Scheduler: Sending due task calculate_and_save_ctr (calculate_and_save_ctr)
[2022-10-09 18:05:00,091: INFO/MainProcess] Scheduler: Sending due task calculate_and_save_ctr (calculate_and_save_ctr)
[2022-10-09 18:59:15,256: INFO/MainProcess] beat: Starting...
[2022-10-09 19:05:00,046: INFO/MainProcess] Scheduler: Sending due task calculate_and_save_ctr (calculate_and_save_ctr)
[2022-10-09 19:20:54,966: INFO/MainProcess] beat: Starting...
[2022-10-09 20:05:00,101: INFO/MainProcess] Scheduler: Sending due task calculate_and_save_ctr (calculate_and_save_ctr)
[2022-10-09 21:05:00,049: INFO/MainProcess] Scheduler: Sending due task calculate_and_save_ctr (calculate_and_save_ctr)
[2022-10-09 21:07:42,206: INFO/MainProcess] beat: Starting...
[2022-10-09 21:11:58,713: INFO/MainProcess] beat: Starting...
[2022-10-09 21:24:50,680: INFO/MainProcess] beat: Starting...
[2022-10-09 22:05:00,010: INFO/MainProcess] Scheduler: Sending due task calculate_and_save_ctr (calculate_and_save_ctr)
[2022-10-09 23:00:00,031: INFO/MainProcess] Scheduler: Sending due task reset_checks (reset_checks)
[2022-10-09 23:00:00,035: INFO/MainProcess] Scheduler: Sending due task reset_throttled (reset_throttled)
[2022-10-09 23:05:00,051: INFO/MainProcess] Scheduler: Sending due task calculate_and_save_ctr (calculate_and_save_ctr)
[2022-10-10 00:05:00,058: INFO/MainProcess] Scheduler: Sending due task calculate_and_save_ctr (calculate_and_save_ctr)
[2022-10-10 01:05:00,030: INFO/MainProcess] Scheduler: Sending due task calculate_and_save_ctr (calculate_and_save_ctr)
[2022-10-10 02:05:00,032: INFO/MainProcess] Scheduler: Sending due task calculate_and_save_ctr (calculate_and_save_ctr)
[2022-10-10 03:05:00,094: INFO/MainProcess] Scheduler: Sending due task calculate_and_save_ctr (calculate_and_save_ctr)
[2022-10-10 04:05:00,060: INFO/MainProcess] Scheduler: Sending due task calculate_and_save_ctr (calculate_and_save_ctr)
[2022-10-10 05:05:00,082: INFO/MainProcess] Scheduler: Sending due task calculate_and_save_ctr (calculate_and_save_ctr)
[2022-10-10 06:05:00,048: INFO/MainProcess] Scheduler: Sending due task calculate_and_save_ctr (calculate_and_save_ctr)
[2022-10-10 07:05:00,093: INFO/MainProcess] Scheduler: Sending due task calculate_and_save_ctr (calculate_and_save_ctr)
[2022-10-10 08:05:00,068: INFO/MainProcess] Scheduler: Sending due task calculate_and_save_ctr (calculate_and_save_ctr)
[2022-10-10 09:05:00,094: INFO/MainProcess] Scheduler: Sending due task calculate_and_save_ctr (calculate_and_save_ctr)
[2022-10-10 10:05:00,029: INFO/MainProcess] Scheduler: Sending due task calculate_and_save_ctr (calculate_and_save_ctr)
[2022-10-10 11:05:00,083: INFO/MainProcess] Scheduler: Sending due task calculate_and_save_ctr (calculate_and_save_ctr)
[2022-10-10 12:05:00,081: INFO/MainProcess] Scheduler: Sending due task calculate_and_save_ctr (calculate_and_save_ctr)
[2022-10-10 13:05:00,076: INFO/MainProcess] Scheduler: Sending due task calculate_and_save_ctr (calculate_and_save_ctr)
[2022-10-10 14:05:00,089: INFO/MainProcess] Scheduler: Sending due task calculate_and_save_ctr (calculate_and_save_ctr)
[2022-10-10 15:05:00,092: INFO/MainProcess] Scheduler: Sending due task calculate_and_save_ctr (calculate_and_save_ctr)
[2022-10-10 15:17:08,239: INFO/MainProcess] beat: Starting...
[2022-10-10 16:05:00,035: INFO/MainProcess] Scheduler: Sending due task calculate_and_save_ctr (calculate_and_save_ctr)
[2022-10-10 17:05:00,008: INFO/MainProcess] Scheduler: Sending due task calculate_and_save_ctr (calculate_and_save_ctr)
[2022-10-10 18:05:00,037: INFO/MainProcess] Scheduler: Sending due task calculate_and_save_ctr (calculate_and_save_ctr)
[2022-10-10 19:05:00,092: INFO/MainProcess] Scheduler: Sending due task calculate_and_save_ctr (calculate_and_save_ctr)
[2022-10-10 20:05:00,000: INFO/MainProcess] Scheduler: Sending due task calculate_and_save_ctr (calculate_and_save_ctr)
[2022-10-10 21:05:00,044: INFO/MainProcess] Scheduler: Sending due task calculate_and_save_ctr (calculate_and_save_ctr)
[2022-10-10 22:05:00,093: INFO/MainProcess] Scheduler: Sending due task calculate_and_save_ctr (calculate_and_save_ctr)
[2022-10-10 23:00:00,066: INFO/MainProcess] Scheduler: Sending due task reset_checks (reset_checks)
[2022-10-10 23:00:00,071: INFO/MainProcess] Scheduler: Sending due task reset_throttled (reset_throttled)
[2022-10-10 23:05:00,014: INFO/MainProcess] Scheduler: Sending due task calculate_and_save_ctr (calculate_and_save_ctr)
[2022-10-11 00:05:00,094: INFO/MainProcess] Scheduler: Sending due task calculate_and_save_ctr (calculate_and_save_ctr)
[2022-10-11 01:05:00,002: INFO/MainProcess] Scheduler: Sending due task calculate_and_save_ctr (calculate_and_save_ctr)
[2022-10-11 02:05:00,094: INFO/MainProcess] Scheduler: Sending due task calculate_and_save_ctr (calculate_and_save_ctr)
[2022-10-11 03:05:00,000: INFO/MainProcess] Scheduler: Sending due task calculate_and_save_ctr (calculate_and_save_ctr)
[2022-10-11 04:05:00,094: INFO/MainProcess] Scheduler: Sending due task calculate_and_save_ctr (calculate_and_save_ctr)
[2022-10-11 05:05:00,037: INFO/MainProcess] Scheduler: Sending due task calculate_and_save_ctr (calculate_and_save_ctr)
[2022-10-11 06:05:00,089: INFO/MainProcess] Scheduler: Sending due task calculate_and_save_ctr (calculate_and_save_ctr)
[2022-10-11 07:05:00,199: INFO/MainProcess] Scheduler: Sending due task calculate_and_save_ctr (calculate_and_save_ctr)
[2022-10-11 08:05:00,043: INFO/MainProcess] Scheduler: Sending due task calculate_and_save_ctr (calculate_and_save_ctr)
[2022-10-11 09:05:00,041: INFO/MainProcess] Scheduler: Sending due task calculate_and_save_ctr (calculate_and_save_ctr)
[2022-10-11 10:05:00,092: INFO/MainProcess] Scheduler: Sending due task calculate_and_save_ctr (calculate_and_save_ctr)
[2022-10-11 11:05:00,092: INFO/MainProcess] Scheduler: Sending due task calculate_and_save_ctr (calculate_and_save_ctr)
[2022-10-11 12:05:00,094: INFO/MainProcess] Scheduler: Sending due task calculate_and_save_ctr (calculate_and_save_ctr)
[2022-10-11 12:47:06,275: INFO/MainProcess] beat: Starting...
[2022-10-11 12:55:45,212: INFO/MainProcess] beat: Starting...
[2022-10-11 13:05:00,087: INFO/MainProcess] Scheduler: Sending due task calculate_and_save_ctr (calculate_and_save_ctr)
[2022-10-11 14:05:00,026: INFO/MainProcess] Scheduler: Sending due task calculate_and_save_ctr (calculate_and_save_ctr)
[2022-10-11 15:05:00,092: INFO/MainProcess] Scheduler: Sending due task calculate_and_save_ctr (calculate_and_save_ctr)
[2022-10-11 16:05:00,092: INFO/MainProcess] Scheduler: Sending due task calculate_and_save_ctr (calculate_and_save_ctr)
[2022-10-11 16:16:41,921: INFO/MainProcess] beat: Starting...
[2022-10-11 16:46:06,829: INFO/MainProcess] beat: Starting...
[2022-10-11 17:05:00,100: INFO/MainProcess] Scheduler: Sending due task calculate_and_save_ctr (calculate_and_save_ctr)
[2022-10-11 17:14:31,036: INFO/MainProcess] beat: Starting...
[2022-10-11 17:58:03,234: INFO/MainProcess] beat: Starting...
[2022-10-11 18:05:00,062: INFO/MainProcess] Scheduler: Sending due task calculate_and_save_ctr (calculate_and_save_ctr)
[2022-10-11 18:11:33,089: INFO/MainProcess] beat: Starting...
[2022-10-11 18:16:33,057: INFO/MainProcess] beat: Starting...
[2022-10-11 18:23:51,336: INFO/MainProcess] beat: Starting...
[2022-10-11 18:34:49,983: INFO/MainProcess] beat: Starting...
[2022-10-11 18:39:51,626: INFO/MainProcess] beat: Starting...
[2022-10-11 18:50:21,544: INFO/MainProcess] beat: Starting...
[2022-10-11 19:05:00,036: INFO/MainProcess] Scheduler: Sending due task calculate_and_save_ctr (calculate_and_save_ctr)
[2022-10-11 20:05:00,060: INFO/MainProcess] Scheduler: Sending due task calculate_and_save_ctr (calculate_and_save_ctr)
[2022-10-11 21:05:00,054: INFO/MainProcess] Scheduler: Sending due task calculate_and_save_ctr (calculate_and_save_ctr)
[2022-10-11 22:05:00,090: INFO/MainProcess] Scheduler: Sending due task calculate_and_save_ctr (calculate_and_save_ctr)
[2022-10-11 23:00:00,000: INFO/MainProcess] Scheduler: Sending due task reset_checks (reset_checks)
[2022-10-11 23:00:00,006: INFO/MainProcess] Scheduler: Sending due task reset_throttled (reset_throttled)
[2022-10-11 23:05:00,067: INFO/MainProcess] Scheduler: Sending due task calculate_and_save_ctr (calculate_and_save_ctr)
[2022-10-12 00:05:00,083: INFO/MainProcess] Scheduler: Sending due task calculate_and_save_ctr (calculate_and_save_ctr)
[2022-10-12 01:05:00,093: INFO/MainProcess] Scheduler: Sending due task calculate_and_save_ctr (calculate_and_save_ctr)
[2022-10-12 02:05:00,094: INFO/MainProcess] Scheduler: Sending due task calculate_and_save_ctr (calculate_and_save_ctr)
[2022-10-12 03:05:00,032: INFO/MainProcess] Scheduler: Sending due task calculate_and_save_ctr (calculate_and_save_ctr)
[2022-10-12 04:05:00,001: INFO/MainProcess] Scheduler: Sending due task calculate_and_save_ctr (calculate_and_save_ctr)
[2022-10-12 05:05:00,095: INFO/MainProcess] Scheduler: Sending due task calculate_and_save_ctr (calculate_and_save_ctr)
[2022-10-12 06:05:00,095: INFO/MainProcess] Scheduler: Sending due task calculate_and_save_ctr (calculate_and_save_ctr)
[2022-10-12 07:05:00,055: INFO/MainProcess] Scheduler: Sending due task calculate_and_save_ctr (calculate_and_save_ctr)
[2022-10-12 08:05:00,063: INFO/MainProcess] Scheduler: Sending due task calculate_and_save_ctr (calculate_and_save_ctr)
[2022-10-12 09:05:00,000: INFO/MainProcess] Scheduler: Sending due task calculate_and_save_ctr (calculate_and_save_ctr)
[2022-10-12 10:05:00,024: INFO/MainProcess] Scheduler: Sending due task calculate_and_save_ctr (calculate_and_save_ctr)
[2022-10-12 11:05:00,093: INFO/MainProcess] Scheduler: Sending due task calculate_and_save_ctr (calculate_and_save_ctr)
[2022-10-12 12:05:00,062: INFO/MainProcess] Scheduler: Sending due task calculate_and_save_ctr (calculate_and_save_ctr)
[2022-10-12 13:05:00,085: INFO/MainProcess] Scheduler: Sending due task calculate_and_save_ctr (calculate_and_save_ctr)
[2022-10-12 14:05:00,052: INFO/MainProcess] Scheduler: Sending due task calculate_and_save_ctr (calculate_and_save_ctr)
[2022-10-12 15:05:00,091: INFO/MainProcess] Scheduler: Sending due task calculate_and_save_ctr (calculate_and_save_ctr)
[2022-10-12 16:05:00,042: INFO/MainProcess] Scheduler: Sending due task calculate_and_save_ctr (calculate_and_save_ctr)
[2022-10-12 17:05:00,051: INFO/MainProcess] Scheduler: Sending due task calculate_and_save_ctr (calculate_and_save_ctr)
[2022-10-12 18:05:00,075: INFO/MainProcess] Scheduler: Sending due task calculate_and_save_ctr (calculate_and_save_ctr)
[2022-10-12 19:05:00,092: INFO/MainProcess] Scheduler: Sending due task calculate_and_save_ctr (calculate_and_save_ctr)
[2022-10-12 20:05:00,089: INFO/MainProcess] Scheduler: Sending due task calculate_and_save_ctr (calculate_and_save_ctr)
[2022-10-12 21:05:00,094: INFO/MainProcess] Scheduler: Sending due task calculate_and_save_ctr (calculate_and_save_ctr)
[2022-10-12 22:05:00,066: INFO/MainProcess] Scheduler: Sending due task calculate_and_save_ctr (calculate_and_save_ctr)
[2022-10-12 23:00:00,093: INFO/MainProcess] Scheduler: Sending due task reset_throttled (reset_throttled)
[2022-10-12 23:00:00,099: INFO/MainProcess] Scheduler: Sending due task reset_checks (reset_checks)
[2022-10-12 23:05:00,042: INFO/MainProcess] Scheduler: Sending due task calculate_and_save_ctr (calculate_and_save_ctr)
[2022-10-13 00:05:00,024: INFO/MainProcess] Scheduler: Sending due task calculate_and_save_ctr (calculate_and_save_ctr)
[2022-10-13 01:05:00,094: INFO/MainProcess] Scheduler: Sending due task calculate_and_save_ctr (calculate_and_save_ctr)
[2022-10-13 02:05:00,039: INFO/MainProcess] Scheduler: Sending due task calculate_and_save_ctr (calculate_and_save_ctr)
[2022-10-13 03:05:00,043: INFO/MainProcess] Scheduler: Sending due task calculate_and_save_ctr (calculate_and_save_ctr)
[2022-10-13 04:05:00,093: INFO/MainProcess] Scheduler: Sending due task calculate_and_save_ctr (calculate_and_save_ctr)
[2022-10-13 05:05:00,090: INFO/MainProcess] Scheduler: Sending due task calculate_and_save_ctr (calculate_and_save_ctr)
[2022-10-13 06:05:00,065: INFO/MainProcess] Scheduler: Sending due task calculate_and_save_ctr (calculate_and_save_ctr)
[2022-10-13 07:05:00,072: INFO/MainProcess] Scheduler: Sending due task calculate_and_save_ctr (calculate_and_save_ctr)
[2022-10-13 08:05:00,024: INFO/MainProcess] Scheduler: Sending due task calculate_and_save_ctr (calculate_and_save_ctr)
[2022-10-13 09:05:00,054: INFO/MainProcess] Scheduler: Sending due task calculate_and_save_ctr (calculate_and_save_ctr)
[2022-10-13 10:05:00,093: INFO/MainProcess] Scheduler: Sending due task calculate_and_save_ctr (calculate_and_save_ctr)
[2022-10-13 11:05:00,003: INFO/MainProcess] Scheduler: Sending due task calculate_and_save_ctr (calculate_and_save_ctr)
[2022-10-13 12:05:00,063: INFO/MainProcess] Scheduler: Sending due task calculate_and_save_ctr (calculate_and_save_ctr)
[2022-10-13 13:05:00,069: INFO/MainProcess] Scheduler: Sending due task calculate_and_save_ctr (calculate_and_save_ctr)
[2022-10-13 14:05:00,081: INFO/MainProcess] Scheduler: Sending due task calculate_and_save_ctr (calculate_and_save_ctr)
[2022-10-13 15:05:00,044: INFO/MainProcess] Scheduler: Sending due task calculate_and_save_ctr (calculate_and_save_ctr)
[2022-10-13 16:05:00,089: INFO/MainProcess] Scheduler: Sending due task calculate_and_save_ctr (calculate_and_save_ctr)
[2022-10-13 17:05:00,092: INFO/MainProcess] Scheduler: Sending due task calculate_and_save_ctr (calculate_and_save_ctr)
[2022-10-13 18:05:00,017: INFO/MainProcess] Scheduler: Sending due task calculate_and_save_ctr (calculate_and_save_ctr)
[2022-10-13 19:05:00,091: INFO/MainProcess] Scheduler: Sending due task calculate_and_save_ctr (calculate_and_save_ctr)
[2022-10-13 20:05:00,054: INFO/MainProcess] Scheduler: Sending due task calculate_and_save_ctr (calculate_and_save_ctr)
[2022-10-13 21:05:00,051: INFO/MainProcess] Scheduler: Sending due task calculate_and_save_ctr (calculate_and_save_ctr)
[2022-10-13 22:05:00,094: INFO/MainProcess] Scheduler: Sending due task calculate_and_save_ctr (calculate_and_save_ctr)
[2022-10-13 23:00:00,092: INFO/MainProcess] Scheduler: Sending due task reset_checks (reset_checks)
[2022-10-13 23:00:00,096: INFO/MainProcess] Scheduler: Sending due task reset_throttled (reset_throttled)
[2022-10-13 23:05:00,000: INFO/MainProcess] Scheduler: Sending due task calculate_and_save_ctr (calculate_and_save_ctr)
[2022-10-14 00:05:00,021: INFO/MainProcess] Scheduler: Sending due task calculate_and_save_ctr (calculate_and_save_ctr)
[2022-10-14 01:05:00,093: INFO/MainProcess] Scheduler: Sending due task calculate_and_save_ctr (calculate_and_save_ctr)
[2022-10-14 02:05:00,093: INFO/MainProcess] Scheduler: Sending due task calculate_and_save_ctr (calculate_and_save_ctr)
[2022-10-14 03:05:00,002: INFO/MainProcess] Scheduler: Sending due task calculate_and_save_ctr (calculate_and_save_ctr)
[2022-10-14 04:05:00,068: INFO/MainProcess] Scheduler: Sending due task calculate_and_save_ctr (calculate_and_save_ctr)
[2022-10-14 05:05:00,093: INFO/MainProcess] Scheduler: Sending due task calculate_and_save_ctr (calculate_and_save_ctr)
[2022-10-14 06:05:00,027: INFO/MainProcess] Scheduler: Sending due task calculate_and_save_ctr (calculate_and_save_ctr)
[2022-10-14 07:05:00,092: INFO/MainProcess] Scheduler: Sending due task calculate_and_save_ctr (calculate_and_save_ctr)
[2022-10-14 08:05:00,015: INFO/MainProcess] Scheduler: Sending due task calculate_and_save_ctr (calculate_and_save_ctr)
[2022-10-14 09:05:00,093: INFO/MainProcess] Scheduler: Sending due task calculate_and_save_ctr (calculate_and_save_ctr)
[2022-10-14 10:05:00,066: INFO/MainProcess] Scheduler: Sending due task calculate_and_save_ctr (calculate_and_save_ctr)
[2022-10-14 11:05:00,061: INFO/MainProcess] Scheduler: Sending due task calculate_and_save_ctr (calculate_and_save_ctr)
[2022-10-14 12:05:00,093: INFO/MainProcess] Scheduler: Sending due task calculate_and_save_ctr (calculate_and_save_ctr)
[2022-10-14 13:05:00,065: INFO/MainProcess] Scheduler: Sending due task calculate_and_save_ctr (calculate_and_save_ctr)
[2022-10-14 14:05:00,089: INFO/MainProcess] Scheduler: Sending due task calculate_and_save_ctr (calculate_and_save_ctr)
[2022-10-14 15:05:00,093: INFO/MainProcess] Scheduler: Sending due task calculate_and_save_ctr (calculate_and_save_ctr)
[2022-10-14 16:05:00,091: INFO/MainProcess] Scheduler: Sending due task calculate_and_save_ctr (calculate_and_save_ctr)
[2022-10-14 17:05:00,093: INFO/MainProcess] Scheduler: Sending due task calculate_and_save_ctr (calculate_and_save_ctr)
[2022-10-14 18:05:00,092: INFO/MainProcess] Scheduler: Sending due task calculate_and_save_ctr (calculate_and_save_ctr)
[2022-10-14 19:05:00,046: INFO/MainProcess] Scheduler: Sending due task calculate_and_save_ctr (calculate_and_save_ctr)
[2022-10-14 20:05:00,049: INFO/MainProcess] Scheduler: Sending due task calculate_and_save_ctr (calculate_and_save_ctr)
[2022-10-14 21:05:00,058: INFO/MainProcess] Scheduler: Sending due task calculate_and_save_ctr (calculate_and_save_ctr)
[2022-10-14 22:05:00,092: INFO/MainProcess] Scheduler: Sending due task calculate_and_save_ctr (calculate_and_save_ctr)
[2022-10-14 23:00:00,087: INFO/MainProcess] Scheduler: Sending due task reset_throttled (reset_throttled)
[2022-10-14 23:00:00,091: INFO/MainProcess] Scheduler: Sending due task reset_checks (reset_checks)
[2022-10-14 23:05:00,050: INFO/MainProcess] Scheduler: Sending due task calculate_and_save_ctr (calculate_and_save_ctr)
[2022-10-15 00:05:00,027: INFO/MainProcess] Scheduler: Sending due task calculate_and_save_ctr (calculate_and_save_ctr)
[2022-10-15 01:05:00,015: INFO/MainProcess] Scheduler: Sending due task calculate_and_save_ctr (calculate_and_save_ctr)
[2022-10-15 02:05:00,093: INFO/MainProcess] Scheduler: Sending due task calculate_and_save_ctr (calculate_and_save_ctr)
[2022-10-15 03:05:00,088: INFO/MainProcess] Scheduler: Sending due task calculate_and_save_ctr (calculate_and_save_ctr)
[2022-10-15 04:05:00,042: INFO/MainProcess] Scheduler: Sending due task calculate_and_save_ctr (calculate_and_save_ctr)
[2022-10-15 05:05:00,000: INFO/MainProcess] Scheduler: Sending due task calculate_and_save_ctr (calculate_and_save_ctr)
[2022-10-15 06:05:00,017: INFO/MainProcess] Scheduler: Sending due task calculate_and_save_ctr (calculate_and_save_ctr)
[2022-10-15 07:05:00,093: INFO/MainProcess] Scheduler: Sending due task calculate_and_save_ctr (calculate_and_save_ctr)
[2022-10-15 08:05:00,014: INFO/MainProcess] Scheduler: Sending due task calculate_and_save_ctr (calculate_and_save_ctr)
[2022-10-15 09:05:00,093: INFO/MainProcess] Scheduler: Sending due task calculate_and_save_ctr (calculate_and_save_ctr)
[2022-10-15 10:05:00,039: INFO/MainProcess] Scheduler: Sending due task calculate_and_save_ctr (calculate_and_save_ctr)
[2022-10-15 11:05:00,081: INFO/MainProcess] Scheduler: Sending due task calculate_and_save_ctr (calculate_and_save_ctr)
[2022-10-15 12:05:00,092: INFO/MainProcess] Scheduler: Sending due task calculate_and_save_ctr (calculate_and_save_ctr)
[2022-10-15 13:05:00,052: INFO/MainProcess] Scheduler: Sending due task calculate_and_save_ctr (calculate_and_save_ctr)
[2022-10-15 14:05:00,092: INFO/MainProcess] Scheduler: Sending due task calculate_and_save_ctr (calculate_and_save_ctr)
[2022-10-15 15:05:00,091: INFO/MainProcess] Scheduler: Sending due task calculate_and_save_ctr (calculate_and_save_ctr)
[2022-10-15 16:05:00,051: INFO/MainProcess] Scheduler: Sending due task calculate_and_save_ctr (calculate_and_save_ctr)
[2022-10-15 17:05:00,090: INFO/MainProcess] Scheduler: Sending due task calculate_and_save_ctr (calculate_and_save_ctr)
[2022-10-15 18:05:00,067: INFO/MainProcess] Scheduler: Sending due task calculate_and_save_ctr (calculate_and_save_ctr)
[2022-10-15 19:05:00,057: INFO/MainProcess] Scheduler: Sending due task calculate_and_save_ctr (calculate_and_save_ctr)
[2022-10-15 20:05:00,016: INFO/MainProcess] Scheduler: Sending due task calculate_and_save_ctr (calculate_and_save_ctr)
[2022-10-15 21:05:00,051: INFO/MainProcess] Scheduler: Sending due task calculate_and_save_ctr (calculate_and_save_ctr)
[2022-10-15 22:05:00,093: INFO/MainProcess] Scheduler: Sending due task calculate_and_save_ctr (calculate_and_save_ctr)
[2022-10-15 23:00:00,071: INFO/MainProcess] Scheduler: Sending due task reset_checks (reset_checks)
[2022-10-15 23:00:00,075: INFO/MainProcess] Scheduler: Sending due task reset_throttled (reset_throttled)
[2022-10-15 23:05:00,021: INFO/MainProcess] Scheduler: Sending due task calculate_and_save_ctr (calculate_and_save_ctr)
[2022-10-16 00:05:00,093: INFO/MainProcess] Scheduler: Sending due task calculate_and_save_ctr (calculate_and_save_ctr)
[2022-10-16 01:05:00,035: INFO/MainProcess] Scheduler: Sending due task calculate_and_save_ctr (calculate_and_save_ctr)
[2022-10-16 02:05:00,033: INFO/MainProcess] Scheduler: Sending due task calculate_and_save_ctr (calculate_and_save_ctr)
[2022-10-16 03:05:00,093: INFO/MainProcess] Scheduler: Sending due task calculate_and_save_ctr (calculate_and_save_ctr)
[2022-10-16 04:05:00,093: INFO/MainProcess] Scheduler: Sending due task calculate_and_save_ctr (calculate_and_save_ctr)
[2022-10-16 05:05:00,025: INFO/MainProcess] Scheduler: Sending due task calculate_and_save_ctr (calculate_and_save_ctr)
[2022-10-16 06:05:00,031: INFO/MainProcess] Scheduler: Sending due task calculate_and_save_ctr (calculate_and_save_ctr)
[2022-10-16 07:05:00,084: INFO/MainProcess] Scheduler: Sending due task calculate_and_save_ctr (calculate_and_save_ctr)
[2022-10-16 08:05:00,054: INFO/MainProcess] Scheduler: Sending due task calculate_and_save_ctr (calculate_and_save_ctr)
[2022-10-16 09:05:00,093: INFO/MainProcess] Scheduler: Sending due task calculate_and_save_ctr (calculate_and_save_ctr)
[2022-10-16 10:05:00,044: INFO/MainProcess] Scheduler: Sending due task calculate_and_save_ctr (calculate_and_save_ctr)
[2022-10-16 11:05:00,052: INFO/MainProcess] Scheduler: Sending due task calculate_and_save_ctr (calculate_and_save_ctr)
[2022-10-16 12:05:00,093: INFO/MainProcess] Scheduler: Sending due task calculate_and_save_ctr (calculate_and_save_ctr)
[2022-10-16 13:05:00,093: INFO/MainProcess] Scheduler: Sending due task calculate_and_save_ctr (calculate_and_save_ctr)
[2022-10-16 14:05:00,091: INFO/MainProcess] Scheduler: Sending due task calculate_and_save_ctr (calculate_and_save_ctr)
[2022-10-16 15:05:00,064: INFO/MainProcess] Scheduler: Sending due task calculate_and_save_ctr (calculate_and_save_ctr)
[2022-10-16 16:05:00,000: INFO/MainProcess] Scheduler: Sending due task calculate_and_save_ctr (calculate_and_save_ctr)
[2022-10-16 17:05:00,092: INFO/MainProcess] Scheduler: Sending due task calculate_and_save_ctr (calculate_and_save_ctr)
[2022-10-16 18:05:00,040: INFO/MainProcess] Scheduler: Sending due task calculate_and_save_ctr (calculate_and_save_ctr)
[2022-10-16 19:05:00,092: INFO/MainProcess] Scheduler: Sending due task calculate_and_save_ctr (calculate_and_save_ctr)
[2022-10-16 20:05:00,092: INFO/MainProcess] Scheduler: Sending due task calculate_and_save_ctr (calculate_and_save_ctr)
[2022-10-16 21:05:00,093: INFO/MainProcess] Scheduler: Sending due task calculate_and_save_ctr (calculate_and_save_ctr)
[2022-10-16 22:05:00,000: INFO/MainProcess] Scheduler: Sending due task calculate_and_save_ctr (calculate_and_save_ctr)
[2022-10-16 23:00:00,092: INFO/MainProcess] Scheduler: Sending due task reset_throttled (reset_throttled)
[2022-10-16 23:00:00,097: INFO/MainProcess] Scheduler: Sending due task reset_checks (reset_checks)
[2022-10-16 23:05:00,037: INFO/MainProcess] Scheduler: Sending due task calculate_and_save_ctr (calculate_and_save_ctr)
[2022-10-17 00:05:00,078: INFO/MainProcess] Scheduler: Sending due task calculate_and_save_ctr (calculate_and_save_ctr)
[2022-10-17 01:05:00,094: INFO/MainProcess] Scheduler: Sending due task calculate_and_save_ctr (calculate_and_save_ctr)
[2022-10-17 02:05:00,094: INFO/MainProcess] Scheduler: Sending due task calculate_and_save_ctr (calculate_and_save_ctr)
[2022-10-17 03:05:00,068: INFO/MainProcess] Scheduler: Sending due task calculate_and_save_ctr (calculate_and_save_ctr)
[2022-10-17 04:05:00,033: INFO/MainProcess] Scheduler: Sending due task calculate_and_save_ctr (calculate_and_save_ctr)
[2022-10-17 05:05:00,028: INFO/MainProcess] Scheduler: Sending due task calculate_and_save_ctr (calculate_and_save_ctr)
[2022-10-17 06:05:00,067: INFO/MainProcess] Scheduler: Sending due task calculate_and_save_ctr (calculate_and_save_ctr)
[2022-10-17 07:05:00,090: INFO/MainProcess] Scheduler: Sending due task calculate_and_save_ctr (calculate_and_save_ctr)
[2022-10-17 08:05:00,057: INFO/MainProcess] Scheduler: Sending due task calculate_and_save_ctr (calculate_and_save_ctr)
[2022-10-17 09:05:00,074: INFO/MainProcess] Scheduler: Sending due task calculate_and_save_ctr (calculate_and_save_ctr)
[2022-10-17 10:05:00,090: INFO/MainProcess] Scheduler: Sending due task calculate_and_save_ctr (calculate_and_save_ctr)
[2022-10-17 11:05:00,093: INFO/MainProcess] Scheduler: Sending due task calculate_and_save_ctr (calculate_and_save_ctr)
[2022-10-17 12:05:00,094: INFO/MainProcess] Scheduler: Sending due task calculate_and_save_ctr (calculate_and_save_ctr)
[2022-10-17 13:05:00,077: INFO/MainProcess] Scheduler: Sending due task calculate_and_save_ctr (calculate_and_save_ctr)
[2022-10-17 14:05:00,061: INFO/MainProcess] Scheduler: Sending due task calculate_and_save_ctr (calculate_and_save_ctr)
[2022-10-17 15:05:00,060: INFO/MainProcess] Scheduler: Sending due task calculate_and_save_ctr (calculate_and_save_ctr)
[2022-10-17 16:05:00,000: INFO/MainProcess] Scheduler: Sending due task calculate_and_save_ctr (calculate_and_save_ctr)
[2022-10-17 17:05:00,092: INFO/MainProcess] Scheduler: Sending due task calculate_and_save_ctr (calculate_and_save_ctr)
[2022-10-17 18:05:00,082: INFO/MainProcess] Scheduler: Sending due task calculate_and_save_ctr (calculate_and_save_ctr)
[2022-10-17 19:05:00,076: INFO/MainProcess] Scheduler: Sending due task calculate_and_save_ctr (calculate_and_save_ctr)
[2022-10-17 20:05:00,092: INFO/MainProcess] Scheduler: Sending due task calculate_and_save_ctr (calculate_and_save_ctr)
[2022-10-17 21:05:00,090: INFO/MainProcess] Scheduler: Sending due task calculate_and_save_ctr (calculate_and_save_ctr)
[2022-10-17 22:05:00,093: INFO/MainProcess] Scheduler: Sending due task calculate_and_save_ctr (calculate_and_save_ctr)
[2022-10-17 23:00:00,091: INFO/MainProcess] Scheduler: Sending due task reset_checks (reset_checks)
[2022-10-17 23:00:00,098: INFO/MainProcess] Scheduler: Sending due task reset_throttled (reset_throttled)
[2022-10-17 23:05:00,095: INFO/MainProcess] Scheduler: Sending due task calculate_and_save_ctr (calculate_and_save_ctr)
[2022-10-18 00:05:00,013: INFO/MainProcess] Scheduler: Sending due task calculate_and_save_ctr (calculate_and_save_ctr)
[2022-10-18 01:05:00,094: INFO/MainProcess] Scheduler: Sending due task calculate_and_save_ctr (calculate_and_save_ctr)
[2022-10-18 02:05:00,094: INFO/MainProcess] Scheduler: Sending due task calculate_and_save_ctr (calculate_and_save_ctr)
[2022-10-18 03:05:00,034: INFO/MainProcess] Scheduler: Sending due task calculate_and_save_ctr (calculate_and_save_ctr)
[2022-10-18 04:05:00,019: INFO/MainProcess] Scheduler: Sending due task calculate_and_save_ctr (calculate_and_save_ctr)
[2022-10-18 05:05:00,084: INFO/MainProcess] Scheduler: Sending due task calculate_and_save_ctr (calculate_and_save_ctr)
[2022-10-18 06:05:00,077: INFO/MainProcess] Scheduler: Sending due task calculate_and_save_ctr (calculate_and_save_ctr)
[2022-10-18 07:05:00,092: INFO/MainProcess] Scheduler: Sending due task calculate_and_save_ctr (calculate_and_save_ctr)
[2022-10-18 08:05:00,078: INFO/MainProcess] Scheduler: Sending due task calculate_and_save_ctr (calculate_and_save_ctr)
[2022-10-18 09:05:00,071: INFO/MainProcess] Scheduler: Sending due task calculate_and_save_ctr (calculate_and_save_ctr)
[2022-10-18 10:05:00,074: INFO/MainProcess] Scheduler: Sending due task calculate_and_save_ctr (calculate_and_save_ctr)
[2022-10-18 11:05:00,034: INFO/MainProcess] Scheduler: Sending due task calculate_and_save_ctr (calculate_and_save_ctr)
[2022-10-18 12:05:00,001: INFO/MainProcess] Scheduler: Sending due task calculate_and_save_ctr (calculate_and_save_ctr)
[2022-10-18 13:05:00,082: INFO/MainProcess] Scheduler: Sending due task calculate_and_save_ctr (calculate_and_save_ctr)
[2022-10-18 14:05:00,092: INFO/MainProcess] Scheduler: Sending due task calculate_and_save_ctr (calculate_and_save_ctr)
[2022-10-18 15:05:00,093: INFO/MainProcess] Scheduler: Sending due task calculate_and_save_ctr (calculate_and_save_ctr)
[2022-10-18 16:05:00,082: INFO/MainProcess] Scheduler: Sending due task calculate_and_save_ctr (calculate_and_save_ctr)
[2022-10-18 17:05:00,088: INFO/MainProcess] Scheduler: Sending due task calculate_and_save_ctr (calculate_and_save_ctr)
[2022-10-18 18:05:00,068: INFO/MainProcess] Scheduler: Sending due task calculate_and_save_ctr (calculate_and_save_ctr)
[2022-10-18 19:05:00,059: INFO/MainProcess] Scheduler: Sending due task calculate_and_save_ctr (calculate_and_save_ctr)
[2022-10-18 20:05:00,040: INFO/MainProcess] Scheduler: Sending due task calculate_and_save_ctr (calculate_and_save_ctr)
[2022-10-18 21:05:00,043: INFO/MainProcess] Scheduler: Sending due task calculate_and_save_ctr (calculate_and_save_ctr)
[2022-10-18 22:05:00,082: INFO/MainProcess] Scheduler: Sending due task calculate_and_save_ctr (calculate_and_save_ctr)
[2022-10-18 23:00:00,068: INFO/MainProcess] Scheduler: Sending due task reset_throttled (reset_throttled)
[2022-10-18 23:00:00,073: INFO/MainProcess] Scheduler: Sending due task reset_checks (reset_checks)
[2022-10-18 23:05:00,039: INFO/MainProcess] Scheduler: Sending due task calculate_and_save_ctr (calculate_and_save_ctr)
[2022-10-19 00:05:00,006: INFO/MainProcess] Scheduler: Sending due task calculate_and_save_ctr (calculate_and_save_ctr)
[2022-10-19 01:05:00,057: INFO/MainProcess] Scheduler: Sending due task calculate_and_save_ctr (calculate_and_save_ctr)
[2022-10-19 02:05:00,093: INFO/MainProcess] Scheduler: Sending due task calculate_and_save_ctr (calculate_and_save_ctr)
[2022-10-19 03:05:00,093: INFO/MainProcess] Scheduler: Sending due task calculate_and_save_ctr (calculate_and_save_ctr)
[2022-10-19 04:05:00,093: INFO/MainProcess] Scheduler: Sending due task calculate_and_save_ctr (calculate_and_save_ctr)
[2022-10-19 05:05:00,064: INFO/MainProcess] Scheduler: Sending due task calculate_and_save_ctr (calculate_and_save_ctr)
[2022-10-19 06:05:00,000: INFO/MainProcess] Scheduler: Sending due task calculate_and_save_ctr (calculate_and_save_ctr)
[2022-10-19 07:05:00,005: INFO/MainProcess] Scheduler: Sending due task calculate_and_save_ctr (calculate_and_save_ctr)
[2022-10-19 08:05:00,090: INFO/MainProcess] Scheduler: Sending due task calculate_and_save_ctr (calculate_and_save_ctr)
[2022-10-19 09:05:00,074: INFO/MainProcess] Scheduler: Sending due task calculate_and_save_ctr (calculate_and_save_ctr)
[2022-10-19 10:05:00,041: INFO/MainProcess] Scheduler: Sending due task calculate_and_save_ctr (calculate_and_save_ctr)
[2022-10-19 11:05:00,066: INFO/MainProcess] Scheduler: Sending due task calculate_and_save_ctr (calculate_and_save_ctr)
[2022-10-19 12:05:00,069: INFO/MainProcess] Scheduler: Sending due task calculate_and_save_ctr (calculate_and_save_ctr)
[2022-10-19 13:05:00,081: INFO/MainProcess] Scheduler: Sending due task calculate_and_save_ctr (calculate_and_save_ctr)
[2022-10-19 14:05:00,093: INFO/MainProcess] Scheduler: Sending due task calculate_and_save_ctr (calculate_and_save_ctr)
[2022-10-19 15:05:00,093: INFO/MainProcess] Scheduler: Sending due task calculate_and_save_ctr (calculate_and_save_ctr)
[2022-10-19 16:05:00,092: INFO/MainProcess] Scheduler: Sending due task calculate_and_save_ctr (calculate_and_save_ctr)
[2022-10-19 17:05:00,090: INFO/MainProcess] Scheduler: Sending due task calculate_and_save_ctr (calculate_and_save_ctr)
[2022-10-19 18:05:00,045: INFO/MainProcess] Scheduler: Sending due task calculate_and_save_ctr (calculate_and_save_ctr)
[2022-10-19 19:05:00,092: INFO/MainProcess] Scheduler: Sending due task calculate_and_save_ctr (calculate_and_save_ctr)
[2022-10-19 20:05:00,092: INFO/MainProcess] Scheduler: Sending due task calculate_and_save_ctr (calculate_and_save_ctr)
[2022-10-19 21:05:00,088: INFO/MainProcess] Scheduler: Sending due task calculate_and_save_ctr (calculate_and_save_ctr)
[2022-10-19 22:05:00,093: INFO/MainProcess] Scheduler: Sending due task calculate_and_save_ctr (calculate_and_save_ctr)
[2022-10-19 23:00:00,092: INFO/MainProcess] Scheduler: Sending due task reset_checks (reset_checks)
[2022-10-19 23:00:00,097: INFO/MainProcess] Scheduler: Sending due task reset_throttled (reset_throttled)
[2022-10-19 23:05:00,081: INFO/MainProcess] Scheduler: Sending due task calculate_and_save_ctr (calculate_and_save_ctr)
[2022-10-20 00:05:00,090: INFO/MainProcess] Scheduler: Sending due task calculate_and_save_ctr (calculate_and_save_ctr)
[2022-10-20 01:05:00,014: INFO/MainProcess] Scheduler: Sending due task calculate_and_save_ctr (calculate_and_save_ctr)
[2022-10-20 02:05:00,014: INFO/MainProcess] Scheduler: Sending due task calculate_and_save_ctr (calculate_and_save_ctr)
[2022-10-20 03:05:00,074: INFO/MainProcess] Scheduler: Sending due task calculate_and_save_ctr (calculate_and_save_ctr)
[2022-10-20 04:05:00,013: INFO/MainProcess] Scheduler: Sending due task calculate_and_save_ctr (calculate_and_save_ctr)
[2022-10-20 05:05:00,040: INFO/MainProcess] Scheduler: Sending due task calculate_and_save_ctr (calculate_and_save_ctr)
[2022-10-20 06:05:00,000: INFO/MainProcess] Scheduler: Sending due task calculate_and_save_ctr (calculate_and_save_ctr)
[2022-10-20 07:05:00,021: INFO/MainProcess] Scheduler: Sending due task calculate_and_save_ctr (calculate_and_save_ctr)
[2022-10-20 08:05:00,019: INFO/MainProcess] Scheduler: Sending due task calculate_and_save_ctr (calculate_and_save_ctr)
[2022-10-20 09:05:00,047: INFO/MainProcess] Scheduler: Sending due task calculate_and_save_ctr (calculate_and_save_ctr)
[2022-10-20 10:05:00,088: INFO/MainProcess] Scheduler: Sending due task calculate_and_save_ctr (calculate_and_save_ctr)
[2022-10-20 11:05:00,086: INFO/MainProcess] Scheduler: Sending due task calculate_and_save_ctr (calculate_and_save_ctr)
[2022-10-20 12:05:00,043: INFO/MainProcess] Scheduler: Sending due task calculate_and_save_ctr (calculate_and_save_ctr)
[2022-10-20 13:05:00,002: INFO/MainProcess] Scheduler: Sending due task calculate_and_save_ctr (calculate_and_save_ctr)
[2022-10-20 14:05:00,040: INFO/MainProcess] Scheduler: Sending due task calculate_and_save_ctr (calculate_and_save_ctr)
[2022-10-20 15:05:00,093: INFO/MainProcess] Scheduler: Sending due task calculate_and_save_ctr (calculate_and_save_ctr)
[2022-10-20 16:05:00,032: INFO/MainProcess] Scheduler: Sending due task calculate_and_save_ctr (calculate_and_save_ctr)
[2022-10-20 17:05:00,039: INFO/MainProcess] Scheduler: Sending due task calculate_and_save_ctr (calculate_and_save_ctr)
[2022-10-20 18:05:00,068: INFO/MainProcess] Scheduler: Sending due task calculate_and_save_ctr (calculate_and_save_ctr)
[2022-10-20 19:05:00,040: INFO/MainProcess] Scheduler: Sending due task calculate_and_save_ctr (calculate_and_save_ctr)
[2022-10-20 20:05:00,092: INFO/MainProcess] Scheduler: Sending due task calculate_and_save_ctr (calculate_and_save_ctr)
[2022-10-20 21:05:00,092: INFO/MainProcess] Scheduler: Sending due task calculate_and_save_ctr (calculate_and_save_ctr)
[2022-10-20 22:05:00,047: INFO/MainProcess] Scheduler: Sending due task calculate_and_save_ctr (calculate_and_save_ctr)
[2022-10-20 23:00:00,017: INFO/MainProcess] Scheduler: Sending due task reset_throttled (reset_throttled)
[2022-10-20 23:00:00,022: INFO/MainProcess] Scheduler: Sending due task reset_checks (reset_checks)
[2022-10-20 23:05:00,059: INFO/MainProcess] Scheduler: Sending due task calculate_and_save_ctr (calculate_and_save_ctr)
[2022-10-21 00:05:00,032: INFO/MainProcess] Scheduler: Sending due task calculate_and_save_ctr (calculate_and_save_ctr)
[2022-10-21 01:05:00,094: INFO/MainProcess] Scheduler: Sending due task calculate_and_save_ctr (calculate_and_save_ctr)
[2022-10-21 02:05:00,091: INFO/MainProcess] Scheduler: Sending due task calculate_and_save_ctr (calculate_and_save_ctr)
[2022-10-21 03:05:00,092: INFO/MainProcess] Scheduler: Sending due task calculate_and_save_ctr (calculate_and_save_ctr)
[2022-10-21 04:05:00,065: INFO/MainProcess] Scheduler: Sending due task calculate_and_save_ctr (calculate_and_save_ctr)
[2022-10-21 05:05:00,092: INFO/MainProcess] Scheduler: Sending due task calculate_and_save_ctr (calculate_and_save_ctr)
[2022-10-21 06:05:00,055: INFO/MainProcess] Scheduler: Sending due task calculate_and_save_ctr (calculate_and_save_ctr)
[2022-10-21 07:05:00,092: INFO/MainProcess] Scheduler: Sending due task calculate_and_save_ctr (calculate_and_save_ctr)
[2022-10-21 08:05:00,057: INFO/MainProcess] Scheduler: Sending due task calculate_and_save_ctr (calculate_and_save_ctr)
[2022-10-21 09:05:00,093: INFO/MainProcess] Scheduler: Sending due task calculate_and_save_ctr (calculate_and_save_ctr)
[2022-10-21 10:05:00,088: INFO/MainProcess] Scheduler: Sending due task calculate_and_save_ctr (calculate_and_save_ctr)
[2022-10-21 11:05:00,049: INFO/MainProcess] Scheduler: Sending due task calculate_and_save_ctr (calculate_and_save_ctr)
[2022-10-21 12:05:00,000: INFO/MainProcess] Scheduler: Sending due task calculate_and_save_ctr (calculate_and_save_ctr)
[2022-10-21 13:05:00,082: INFO/MainProcess] Scheduler: Sending due task calculate_and_save_ctr (calculate_and_save_ctr)
[2022-10-21 14:05:00,046: INFO/MainProcess] Scheduler: Sending due task calculate_and_save_ctr (calculate_and_save_ctr)
[2022-10-21 15:05:00,086: INFO/MainProcess] Scheduler: Sending due task calculate_and_save_ctr (calculate_and_save_ctr)
[2022-10-21 16:05:00,036: INFO/MainProcess] Scheduler: Sending due task calculate_and_save_ctr (calculate_and_save_ctr)
[2022-10-21 17:05:00,034: INFO/MainProcess] Scheduler: Sending due task calculate_and_save_ctr (calculate_and_save_ctr)
[2022-10-21 18:05:00,055: INFO/MainProcess] Scheduler: Sending due task calculate_and_save_ctr (calculate_and_save_ctr)
[2022-10-21 19:05:00,057: INFO/MainProcess] Scheduler: Sending due task calculate_and_save_ctr (calculate_and_save_ctr)
[2022-10-21 20:05:00,094: INFO/MainProcess] Scheduler: Sending due task calculate_and_save_ctr (calculate_and_save_ctr)
[2022-10-21 21:05:00,092: INFO/MainProcess] Scheduler: Sending due task calculate_and_save_ctr (calculate_and_save_ctr)
[2022-10-21 22:05:00,021: INFO/MainProcess] Scheduler: Sending due task calculate_and_save_ctr (calculate_and_save_ctr)
[2022-10-21 23:00:00,048: INFO/MainProcess] Scheduler: Sending due task reset_checks (reset_checks)
[2022-10-21 23:00:00,054: INFO/MainProcess] Scheduler: Sending due task reset_throttled (reset_throttled)
[2022-10-21 23:05:00,032: INFO/MainProcess] Scheduler: Sending due task calculate_and_save_ctr (calculate_and_save_ctr)
[2022-10-22 00:05:00,007: INFO/MainProcess] Scheduler: Sending due task calculate_and_save_ctr (calculate_and_save_ctr)
[2022-10-22 01:05:00,094: INFO/MainProcess] Scheduler: Sending due task calculate_and_save_ctr (calculate_and_save_ctr)
[2022-10-22 02:05:00,093: INFO/MainProcess] Scheduler: Sending due task calculate_and_save_ctr (calculate_and_save_ctr)
[2022-10-22 03:05:00,093: INFO/MainProcess] Scheduler: Sending due task calculate_and_save_ctr (calculate_and_save_ctr)
[2022-10-22 04:05:00,092: INFO/MainProcess] Scheduler: Sending due task calculate_and_save_ctr (calculate_and_save_ctr)
[2022-10-22 05:05:00,092: INFO/MainProcess] Scheduler: Sending due task calculate_and_save_ctr (calculate_and_save_ctr)
[2022-10-22 06:05:00,061: INFO/MainProcess] Scheduler: Sending due task calculate_and_save_ctr (calculate_and_save_ctr)
[2022-10-22 07:05:00,092: INFO/MainProcess] Scheduler: Sending due task calculate_and_save_ctr (calculate_and_save_ctr)
[2022-10-22 08:05:00,060: INFO/MainProcess] Scheduler: Sending due task calculate_and_save_ctr (calculate_and_save_ctr)
[2022-10-22 09:05:00,049: INFO/MainProcess] Scheduler: Sending due task calculate_and_save_ctr (calculate_and_save_ctr)
[2022-10-22 10:05:00,092: INFO/MainProcess] Scheduler: Sending due task calculate_and_save_ctr (calculate_and_save_ctr)
[2022-10-22 11:05:00,017: INFO/MainProcess] Scheduler: Sending due task calculate_and_save_ctr (calculate_and_save_ctr)
[2022-10-22 12:05:00,093: INFO/MainProcess] Scheduler: Sending due task calculate_and_save_ctr (calculate_and_save_ctr)
[2022-10-22 13:05:00,092: INFO/MainProcess] Scheduler: Sending due task calculate_and_save_ctr (calculate_and_save_ctr)
[2022-10-22 14:05:00,090: INFO/MainProcess] Scheduler: Sending due task calculate_and_save_ctr (calculate_and_save_ctr)
[2022-10-22 15:05:00,003: INFO/MainProcess] Scheduler: Sending due task calculate_and_save_ctr (calculate_and_save_ctr)
[2022-10-22 16:05:00,092: INFO/MainProcess] Scheduler: Sending due task calculate_and_save_ctr (calculate_and_save_ctr)
[2022-10-22 17:05:00,000: INFO/MainProcess] Scheduler: Sending due task calculate_and_save_ctr (calculate_and_save_ctr)
[2022-10-22 18:05:00,091: INFO/MainProcess] Scheduler: Sending due task calculate_and_save_ctr (calculate_and_save_ctr)
[2022-10-22 19:05:00,027: INFO/MainProcess] Scheduler: Sending due task calculate_and_save_ctr (calculate_and_save_ctr)
[2022-10-22 20:05:00,093: INFO/MainProcess] Scheduler: Sending due task calculate_and_save_ctr (calculate_and_save_ctr)
[2022-10-22 21:05:00,091: INFO/MainProcess] Scheduler: Sending due task calculate_and_save_ctr (calculate_and_save_ctr)
[2022-10-22 22:05:00,014: INFO/MainProcess] Scheduler: Sending due task calculate_and_save_ctr (calculate_and_save_ctr)
[2022-10-22 23:00:00,052: INFO/MainProcess] Scheduler: Sending due task reset_throttled (reset_throttled)
[2022-10-22 23:00:00,057: INFO/MainProcess] Scheduler: Sending due task reset_checks (reset_checks)
[2022-10-22 23:05:00,093: INFO/MainProcess] Scheduler: Sending due task calculate_and_save_ctr (calculate_and_save_ctr)
[2022-10-23 00:05:00,039: INFO/MainProcess] Scheduler: Sending due task calculate_and_save_ctr (calculate_and_save_ctr)
[2022-10-23 01:05:00,094: INFO/MainProcess] Scheduler: Sending due task calculate_and_save_ctr (calculate_and_save_ctr)
[2022-10-23 02:05:00,094: INFO/MainProcess] Scheduler: Sending due task calculate_and_save_ctr (calculate_and_save_ctr)
[2022-10-23 03:05:00,039: INFO/MainProcess] Scheduler: Sending due task calculate_and_save_ctr (calculate_and_save_ctr)
[2022-10-23 04:05:00,038: INFO/MainProcess] Scheduler: Sending due task calculate_and_save_ctr (calculate_and_save_ctr)
[2022-10-23 05:05:00,000: INFO/MainProcess] Scheduler: Sending due task calculate_and_save_ctr (calculate_and_save_ctr)
[2022-10-23 06:05:00,093: INFO/MainProcess] Scheduler: Sending due task calculate_and_save_ctr (calculate_and_save_ctr)
[2022-10-23 07:05:00,092: INFO/MainProcess] Scheduler: Sending due task calculate_and_save_ctr (calculate_and_save_ctr)
[2022-10-23 08:05:00,077: INFO/MainProcess] Scheduler: Sending due task calculate_and_save_ctr (calculate_and_save_ctr)
[2022-10-23 09:05:00,093: INFO/MainProcess] Scheduler: Sending due task calculate_and_save_ctr (calculate_and_save_ctr)
[2022-10-23 10:05:00,093: INFO/MainProcess] Scheduler: Sending due task calculate_and_save_ctr (calculate_and_save_ctr)
[2022-10-23 11:05:00,043: INFO/MainProcess] Scheduler: Sending due task calculate_and_save_ctr (calculate_and_save_ctr)
[2022-10-23 12:05:00,092: INFO/MainProcess] Scheduler: Sending due task calculate_and_save_ctr (calculate_and_save_ctr)
[2022-10-23 13:05:00,078: INFO/MainProcess] Scheduler: Sending due task calculate_and_save_ctr (calculate_and_save_ctr)
[2022-10-23 14:05:00,092: INFO/MainProcess] Scheduler: Sending due task calculate_and_save_ctr (calculate_and_save_ctr)
[2022-10-23 15:05:00,093: INFO/MainProcess] Scheduler: Sending due task calculate_and_save_ctr (calculate_and_save_ctr)
[2022-10-23 16:05:00,093: INFO/MainProcess] Scheduler: Sending due task calculate_and_save_ctr (calculate_and_save_ctr)
[2022-10-23 17:05:00,084: INFO/MainProcess] Scheduler: Sending due task calculate_and_save_ctr (calculate_and_save_ctr)
[2022-10-23 18:05:00,090: INFO/MainProcess] Scheduler: Sending due task calculate_and_save_ctr (calculate_and_save_ctr)
[2022-10-23 19:05:00,091: INFO/MainProcess] Scheduler: Sending due task calculate_and_save_ctr (calculate_and_save_ctr)
[2022-10-23 20:05:00,063: INFO/MainProcess] Scheduler: Sending due task calculate_and_save_ctr (calculate_and_save_ctr)
[2022-10-23 21:05:00,094: INFO/MainProcess] Scheduler: Sending due task calculate_and_save_ctr (calculate_and_save_ctr)
[2022-10-23 22:05:00,092: INFO/MainProcess] Scheduler: Sending due task calculate_and_save_ctr (calculate_and_save_ctr)
[2022-10-23 23:00:00,093: INFO/MainProcess] Scheduler: Sending due task reset_checks (reset_checks)
[2022-10-23 23:00:00,097: INFO/MainProcess] Scheduler: Sending due task reset_throttled (reset_throttled)
[2022-10-23 23:05:00,027: INFO/MainProcess] Scheduler: Sending due task calculate_and_save_ctr (calculate_and_save_ctr)
[2022-10-24 00:05:00,093: INFO/MainProcess] Scheduler: Sending due task calculate_and_save_ctr (calculate_and_save_ctr)
[2022-10-24 01:05:00,094: INFO/MainProcess] Scheduler: Sending due task calculate_and_save_ctr (calculate_and_save_ctr)
[2022-10-24 02:05:00,094: INFO/MainProcess] Scheduler: Sending due task calculate_and_save_ctr (calculate_and_save_ctr)
[2022-10-24 03:05:00,088: INFO/MainProcess] Scheduler: Sending due task calculate_and_save_ctr (calculate_and_save_ctr)
[2022-10-24 04:05:00,003: INFO/MainProcess] Scheduler: Sending due task calculate_and_save_ctr (calculate_and_save_ctr)
[2022-10-24 05:05:00,073: INFO/MainProcess] Scheduler: Sending due task calculate_and_save_ctr (calculate_and_save_ctr)
[2022-10-24 06:05:00,062: INFO/MainProcess] Scheduler: Sending due task calculate_and_save_ctr (calculate_and_save_ctr)
[2022-10-24 07:05:00,093: INFO/MainProcess] Scheduler: Sending due task calculate_and_save_ctr (calculate_and_save_ctr)
[2022-10-24 08:05:00,014: INFO/MainProcess] Scheduler: Sending due task calculate_and_save_ctr (calculate_and_save_ctr)
[2022-10-24 09:05:00,093: INFO/MainProcess] Scheduler: Sending due task calculate_and_save_ctr (calculate_and_save_ctr)
[2022-10-24 10:05:00,081: INFO/MainProcess] Scheduler: Sending due task calculate_and_save_ctr (calculate_and_save_ctr)
[2022-10-24 11:05:00,093: INFO/MainProcess] Scheduler: Sending due task calculate_and_save_ctr (calculate_and_save_ctr)
[2022-10-24 12:05:00,054: INFO/MainProcess] Scheduler: Sending due task calculate_and_save_ctr (calculate_and_save_ctr)
[2022-10-24 13:05:00,093: INFO/MainProcess] Scheduler: Sending due task calculate_and_save_ctr (calculate_and_save_ctr)
[2022-10-24 14:05:00,041: INFO/MainProcess] Scheduler: Sending due task calculate_and_save_ctr (calculate_and_save_ctr)
[2022-10-24 15:05:00,085: INFO/MainProcess] Scheduler: Sending due task calculate_and_save_ctr (calculate_and_save_ctr)
[2022-10-24 16:05:00,092: INFO/MainProcess] Scheduler: Sending due task calculate_and_save_ctr (calculate_and_save_ctr)
[2022-10-24 17:05:00,021: INFO/MainProcess] Scheduler: Sending due task calculate_and_save_ctr (calculate_and_save_ctr)
[2022-10-24 18:05:00,062: INFO/MainProcess] Scheduler: Sending due task calculate_and_save_ctr (calculate_and_save_ctr)
[2022-10-24 19:05:00,070: INFO/MainProcess] Scheduler: Sending due task calculate_and_save_ctr (calculate_and_save_ctr)
[2022-10-24 20:05:00,072: INFO/MainProcess] Scheduler: Sending due task calculate_and_save_ctr (calculate_and_save_ctr)
[2022-10-24 21:05:00,071: INFO/MainProcess] Scheduler: Sending due task calculate_and_save_ctr (calculate_and_save_ctr)
[2022-10-24 22:05:00,084: INFO/MainProcess] Scheduler: Sending due task calculate_and_save_ctr (calculate_and_save_ctr)
[2022-10-24 23:00:00,085: INFO/MainProcess] Scheduler: Sending due task reset_throttled (reset_throttled)
[2022-10-24 23:00:00,089: INFO/MainProcess] Scheduler: Sending due task reset_checks (reset_checks)
[2022-10-24 23:05:00,003: INFO/MainProcess] Scheduler: Sending due task calculate_and_save_ctr (calculate_and_save_ctr)
[2022-10-25 00:05:00,028: INFO/MainProcess] Scheduler: Sending due task calculate_and_save_ctr (calculate_and_save_ctr)
[2022-10-25 01:05:00,062: INFO/MainProcess] Scheduler: Sending due task calculate_and_save_ctr (calculate_and_save_ctr)
[2022-10-25 02:05:00,062: INFO/MainProcess] Scheduler: Sending due task calculate_and_save_ctr (calculate_and_save_ctr)
[2022-10-25 03:05:00,030: INFO/MainProcess] Scheduler: Sending due task calculate_and_save_ctr (calculate_and_save_ctr)
[2022-10-25 04:05:00,090: INFO/MainProcess] Scheduler: Sending due task calculate_and_save_ctr (calculate_and_save_ctr)
[2022-10-25 05:05:00,091: INFO/MainProcess] Scheduler: Sending due task calculate_and_save_ctr (calculate_and_save_ctr)
[2022-10-25 06:05:00,090: INFO/MainProcess] Scheduler: Sending due task calculate_and_save_ctr (calculate_and_save_ctr)
[2022-10-25 07:05:00,040: INFO/MainProcess] Scheduler: Sending due task calculate_and_save_ctr (calculate_and_save_ctr)
[2022-10-25 08:05:00,078: INFO/MainProcess] Scheduler: Sending due task calculate_and_save_ctr (calculate_and_save_ctr)
[2022-10-25 09:05:00,055: INFO/MainProcess] Scheduler: Sending due task calculate_and_save_ctr (calculate_and_save_ctr)
[2022-10-25 10:05:00,016: INFO/MainProcess] Scheduler: Sending due task calculate_and_save_ctr (calculate_and_save_ctr)
[2022-10-25 11:05:00,085: INFO/MainProcess] Scheduler: Sending due task calculate_and_save_ctr (calculate_and_save_ctr)
[2022-10-25 12:05:00,081: INFO/MainProcess] Scheduler: Sending due task calculate_and_save_ctr (calculate_and_save_ctr)
[2022-10-25 13:05:00,061: INFO/MainProcess] Scheduler: Sending due task calculate_and_save_ctr (calculate_and_save_ctr)
[2022-10-25 14:05:00,092: INFO/MainProcess] Scheduler: Sending due task calculate_and_save_ctr (calculate_and_save_ctr)
[2022-10-25 15:05:00,092: INFO/MainProcess] Scheduler: Sending due task calculate_and_save_ctr (calculate_and_save_ctr)
[2022-10-25 16:05:00,016: INFO/MainProcess] Scheduler: Sending due task calculate_and_save_ctr (calculate_and_save_ctr)
[2022-10-25 17:05:00,028: INFO/MainProcess] Scheduler: Sending due task calculate_and_save_ctr (calculate_and_save_ctr)
[2022-10-25 18:05:00,092: INFO/MainProcess] Scheduler: Sending due task calculate_and_save_ctr (calculate_and_save_ctr)
[2022-10-25 19:05:00,089: INFO/MainProcess] Scheduler: Sending due task calculate_and_save_ctr (calculate_and_save_ctr)
[2022-10-25 20:05:00,089: INFO/MainProcess] Scheduler: Sending due task calculate_and_save_ctr (calculate_and_save_ctr)
[2022-10-25 21:05:00,073: INFO/MainProcess] Scheduler: Sending due task calculate_and_save_ctr (calculate_and_save_ctr)
[2022-10-25 22:05:00,085: INFO/MainProcess] Scheduler: Sending due task calculate_and_save_ctr (calculate_and_save_ctr)
[2022-10-25 23:00:00,092: INFO/MainProcess] Scheduler: Sending due task reset_checks (reset_checks)
[2022-10-25 23:00:00,098: INFO/MainProcess] Scheduler: Sending due task reset_throttled (reset_throttled)
[2022-10-25 23:05:00,078: INFO/MainProcess] Scheduler: Sending due task calculate_and_save_ctr (calculate_and_save_ctr)
[2022-10-26 00:05:00,040: INFO/MainProcess] Scheduler: Sending due task calculate_and_save_ctr (calculate_and_save_ctr)
[2022-10-26 01:05:00,053: INFO/MainProcess] Scheduler: Sending due task calculate_and_save_ctr (calculate_and_save_ctr)
[2022-10-26 02:05:00,013: INFO/MainProcess] Scheduler: Sending due task calculate_and_save_ctr (calculate_and_save_ctr)
[2022-10-26 03:05:00,093: INFO/MainProcess] Scheduler: Sending due task calculate_and_save_ctr (calculate_and_save_ctr)
[2022-10-26 04:05:00,087: INFO/MainProcess] Scheduler: Sending due task calculate_and_save_ctr (calculate_and_save_ctr)
[2022-10-26 05:05:00,034: INFO/MainProcess] Scheduler: Sending due task calculate_and_save_ctr (calculate_and_save_ctr)
[2022-10-26 06:05:00,092: INFO/MainProcess] Scheduler: Sending due task calculate_and_save_ctr (calculate_and_save_ctr)
[2022-10-26 07:05:00,093: INFO/MainProcess] Scheduler: Sending due task calculate_and_save_ctr (calculate_and_save_ctr)
[2022-10-26 08:05:00,092: INFO/MainProcess] Scheduler: Sending due task calculate_and_save_ctr (calculate_and_save_ctr)
[2022-10-26 09:05:00,076: INFO/MainProcess] Scheduler: Sending due task calculate_and_save_ctr (calculate_and_save_ctr)
[2022-10-26 10:05:00,013: INFO/MainProcess] Scheduler: Sending due task calculate_and_save_ctr (calculate_and_save_ctr)
[2022-10-26 11:05:00,093: INFO/MainProcess] Scheduler: Sending due task calculate_and_save_ctr (calculate_and_save_ctr)
[2022-10-26 12:05:00,093: INFO/MainProcess] Scheduler: Sending due task calculate_and_save_ctr (calculate_and_save_ctr)
[2022-10-26 13:05:00,027: INFO/MainProcess] Scheduler: Sending due task calculate_and_save_ctr (calculate_and_save_ctr)
[2022-10-26 14:05:00,074: INFO/MainProcess] Scheduler: Sending due task calculate_and_save_ctr (calculate_and_save_ctr)
[2022-10-26 15:05:00,092: INFO/MainProcess] Scheduler: Sending due task calculate_and_save_ctr (calculate_and_save_ctr)
