[2022-10-02 13:52:14,960: ERROR/ForkPoolWorker-2] Task domain_add[02d8dfa2-4f17-49e2-943a-05b7b014e7d1] raised unexpected: InvalidSchema("No connection adapters were found for '&authinfo=:&func=site.edit&sok=ok&site_name=ffyyee.xyz&site_aliases=&site_email=webmaster@ffyyee.xyz&site_home=www/instateleport.ru&secure=on&site_redirect_http=on&site_ssl_cert=ssl_not_used&site_php_mode=php_not_used'")
Traceback (most recent call last):
  File "/root/instateleport/getsub/lib/python3.9/site-packages/celery/app/trace.py", line 385, in trace_task
    R = retval = fun(*args, **kwargs)
  File "/root/instateleport/getsub/lib/python3.9/site-packages/celery/app/trace.py", line 650, in __protected_call__
    return self.run(*args, **kwargs)
  File "/root/instateleport/apps/subscribe_pages/task.py", line 50, in domain_add
    response = ispmanager.add_webdomain(domain)
  File "/root/instateleport/apps/subscribe_pages/ispmanager_api/api.py", line 14, in add_webdomain
    return requests.get(
  File "/root/instateleport/getsub/lib/python3.9/site-packages/requests/api.py", line 76, in get
    return request('get', url, params=params, **kwargs)
  File "/root/instateleport/getsub/lib/python3.9/site-packages/requests/api.py", line 61, in request
    return session.request(method=method, url=url, **kwargs)
  File "/root/instateleport/getsub/lib/python3.9/site-packages/requests/sessions.py", line 530, in request
    resp = self.send(prep, **send_kwargs)
  File "/root/instateleport/getsub/lib/python3.9/site-packages/requests/sessions.py", line 637, in send
    adapter = self.get_adapter(url=request.url)
  File "/root/instateleport/getsub/lib/python3.9/site-packages/requests/sessions.py", line 728, in get_adapter
    raise InvalidSchema("No connection adapters were found for {!r}".format(url))
requests.exceptions.InvalidSchema: No connection adapters were found for '&authinfo=:&func=site.edit&sok=ok&site_name=ffyyee.xyz&site_aliases=&site_email=webmaster@ffyyee.xyz&site_home=www/instateleport.ru&secure=on&site_redirect_http=on&site_ssl_cert=ssl_not_used&site_php_mode=php_not_used'
